{"/media/gena/SiteOn/RubyProjects/spree_kit/frontend/init/components/Catcher/index.js": {"path":"/media/gena/SiteOn/RubyProjects/spree_kit/frontend/init/components/Catcher/index.js","statementMap":{"0":{"start":{"line":2,"column":0},"end":{"line":null,"column":-1}},"1":{"start":{"line":5,"column":0},"end":{"line":null,"column":-1}},"2":{"start":{"line":17,"column":8},"end":{"line":null,"column":-1}},"3":{"start":{"line":23,"column":26},"end":{"line":22,"column":14}},"4":{"start":{"line":24,"column":29},"end":{"line":22,"column":14}},"5":{"start":{"line":26,"column":8},"end":{"line":36,"column":9}},"6":{"start":{"line":27,"column":12},"end":{"line":null,"column":-1}},"7":{"start":{"line":38,"column":8},"end":{"line":null,"column":-1}}},"fnMap":{},"branchMap":{"0":{"loc":{"start":{"line":26,"column":8},"end":{"line":36,"column":9}},"type":"if","locations":[{"start":{"line":26,"column":8},"end":{"line":36,"column":9}},{"start":{"line":26,"column":8},"end":{"line":36,"column":9}}]}},"s":{"0":0,"1":0,"2":0,"3":0,"4":0,"5":0,"6":0,"7":0},"f":{},"b":{"0":[0,0]}}
,"/media/gena/SiteOn/RubyProjects/spree_kit/frontend/init/components/PlayLists/index.js": {"path":"/media/gena/SiteOn/RubyProjects/spree_kit/frontend/init/components/PlayLists/index.js","statementMap":{"0":{"start":{"line":1,"column":0},"end":{"line":null,"column":-1}},"1":{"start":{"line":2,"column":0},"end":{"line":null,"column":-1}},"2":{"start":{"line":3,"column":0},"end":{"line":null,"column":-1}},"3":{"start":{"line":4,"column":0},"end":{"line":null,"column":-1}},"4":{"start":{"line":8,"column":30},"end":{"line":7,"column":14}},"5":{"start":{"line":10,"column":8},"end":{"line":null,"column":-1}},"6":{"start":{"line":18,"column":35},"end":{"line":null,"column":-1}},"7":{"start":{"line":30,"column":4},"end":{"line":null,"column":-1}},"8":{"start":{"line":33,"column":4},"end":{"line":null,"column":-1}}},"fnMap":{"0":{"name":"(anonymous_10)","decl":{"start":{"line":18,"column":35},"end":{"line":18,"column":35}},"loc":{"start":{"line":18,"column":35},"end":{"line":18,"column":21}}},"1":{"name":"(anonymous_11)","decl":{"start":{"line":30,"column":4},"end":{"line":30,"column":4}},"loc":{"start":{"line":30,"column":4},"end":{"line":29,"column":26}}},"2":{"name":"(anonymous_12)","decl":{"start":{"line":33,"column":4},"end":{"line":33,"column":4}},"loc":{"start":{"line":33,"column":4},"end":{"line":29,"column":26}}}},"branchMap":{},"s":{"0":0,"1":0,"2":0,"3":0,"4":0,"5":0,"6":0,"7":0,"8":0},"f":{"0":0,"1":0,"2":0},"b":{}}
,"/media/gena/SiteOn/RubyProjects/spree_kit/frontend/init/components/Product/index.js": {"path":"/media/gena/SiteOn/RubyProjects/spree_kit/frontend/init/components/Product/index.js","statementMap":{"0":{"start":{"line":1,"column":0},"end":{"line":null,"column":-1}},"1":{"start":{"line":2,"column":0},"end":{"line":null,"column":-1}},"2":{"start":{"line":3,"column":0},"end":{"line":null,"column":-1}},"3":{"start":{"line":6,"column":0},"end":{"line":null,"column":-1}},"4":{"start":{"line":7,"column":0},"end":{"line":null,"column":-1}},"5":{"start":{"line":8,"column":0},"end":{"line":null,"column":-1}},"6":{"start":{"line":11,"column":0},"end":{"line":null,"column":-1}},"7":{"start":{"line":12,"column":0},"end":{"line":null,"column":-1}},"8":{"start":{"line":17,"column":51},"end":{"line":16,"column":25}},"9":{"start":{"line":16,"column":25},"end":{"line":16,"column":24}},"10":{"start":{"line":18,"column":25},"end":{"line":16,"column":25}},"11":{"start":{"line":20,"column":8},"end":{"line":null,"column":-1}},"12":{"start":{"line":22,"column":8},"end":{"line":24,"column":9}},"13":{"start":{"line":23,"column":12},"end":{"line":null,"column":-1}},"14":{"start":{"line":28,"column":37},"end":{"line":27,"column":14}},"15":{"start":{"line":27,"column":14},"end":{"line":27,"column":13}},"16":{"start":{"line":30,"column":8},"end":{"line":null,"column":-1}},"17":{"start":{"line":48,"column":24},"end":{"line":48,"column":0}},"18":{"start":{"line":49,"column":4},"end":{"line":null,"column":-1}},"19":{"start":{"line":54,"column":27},"end":{"line":54,"column":0}},"20":{"start":{"line":55,"column":4},"end":{"line":null,"column":-1}},"21":{"start":{"line":58,"column":16},"end":{"line":null,"column":-1}},"22":{"start":{"line":61,"column":16},"end":{"line":null,"column":-1}}},"fnMap":{"0":{"name":"mapStateToProps","decl":{"start":{"line":48,"column":6},"end":{"line":48,"column":24}},"loc":{"start":{"line":48,"column":35},"end":{"line":48,"column":0}}},"1":{"name":"mapDispatchToProps","decl":{"start":{"line":54,"column":6},"end":{"line":54,"column":27}},"loc":{"start":{"line":54,"column":41},"end":{"line":54,"column":0}}},"2":{"name":"fetchProduct","decl":{"start":{"line":56,"column":17},"end":{"line":57,"column":25}},"loc":{"start":{"line":57,"column":32},"end":{"line":56,"column":17}}},"3":{"name":"cleanProduct","decl":{"start":{"line":56,"column":17},"end":{"line":60,"column":27}},"loc":{"start":{"line":60,"column":28},"end":{"line":62,"column":13}}}},"branchMap":{"0":{"loc":{"start":{"line":22,"column":8},"end":{"line":24,"column":9}},"type":"if","locations":[{"start":{"line":22,"column":8},"end":{"line":24,"column":9}},{"start":{"line":22,"column":8},"end":{"line":24,"column":9}}]},"1":{"loc":{"start":{"line":36,"column":28},"end":{"line":35,"column":24}},"type":"cond-expr","locations":[{"start":{"line":36,"column":28},"end":{"line":35,"column":24}},{"start":{"line":40,"column":28},"end":{"line":null,"column":-1}}]}},"s":{"0":0,"1":0,"2":0,"3":0,"4":0,"5":0,"6":0,"7":0,"8":0,"9":0,"10":0,"11":0,"12":0,"13":0,"14":0,"15":0,"16":0,"17":0,"18":0,"19":0,"20":0,"21":0,"22":0},"f":{"0":0,"1":0,"2":0,"3":0},"b":{"0":[0,0],"1":[0,0]}}
,"/media/gena/SiteOn/RubyProjects/spree_kit/frontend/init/components/Products/index.js": {"path":"/media/gena/SiteOn/RubyProjects/spree_kit/frontend/init/components/Products/index.js","statementMap":{"0":{"start":{"line":1,"column":0},"end":{"line":null,"column":-1}},"1":{"start":{"line":2,"column":0},"end":{"line":null,"column":-1}},"2":{"start":{"line":3,"column":0},"end":{"line":null,"column":-1}},"3":{"start":{"line":5,"column":0},"end":{"line":null,"column":-1}},"4":{"start":{"line":6,"column":0},"end":{"line":null,"column":-1}},"5":{"start":{"line":8,"column":0},"end":{"line":null,"column":-1}},"6":{"start":{"line":14,"column":28},"end":{"line":13,"column":25}},"7":{"start":{"line":16,"column":8},"end":{"line":null,"column":-1}},"8":{"start":{"line":20,"column":29},"end":{"line":19,"column":14}},"9":{"start":{"line":22,"column":8},"end":{"line":null,"column":-1}},"10":{"start":{"line":29,"column":45},"end":{"line":null,"column":-1}},"11":{"start":{"line":54,"column":24},"end":{"line":54,"column":0}},"12":{"start":{"line":55,"column":4},"end":{"line":null,"column":-1}},"13":{"start":{"line":60,"column":27},"end":{"line":60,"column":0}},"14":{"start":{"line":61,"column":4},"end":{"line":null,"column":-1}},"15":{"start":{"line":64,"column":16},"end":{"line":null,"column":-1}}},"fnMap":{"0":{"name":"(anonymous_11)","decl":{"start":{"line":29,"column":45},"end":{"line":29,"column":45}},"loc":{"start":{"line":29,"column":45},"end":{"line":29,"column":32}}},"1":{"name":"mapStateToProps","decl":{"start":{"line":54,"column":6},"end":{"line":54,"column":24}},"loc":{"start":{"line":54,"column":35},"end":{"line":54,"column":0}}},"2":{"name":"mapDispatchToProps","decl":{"start":{"line":60,"column":6},"end":{"line":60,"column":27}},"loc":{"start":{"line":60,"column":41},"end":{"line":60,"column":0}}},"3":{"name":"fetchProducts","decl":{"start":{"line":62,"column":17},"end":{"line":63,"column":28}},"loc":{"start":{"line":63,"column":29},"end":{"line":65,"column":13}}}},"branchMap":{"0":{"loc":{"start":{"line":29,"column":32},"end":{"line":28,"column":28}},"type":"cond-expr","locations":[{"start":{"line":29,"column":32},"end":{"line":28,"column":28}},{"start":{"line":45,"column":34},"end":{"line":null,"column":-1}}]},"1":{"loc":{"start":{"line":35,"column":52},"end":{"line":34,"column":48}},"type":"cond-expr","locations":[{"start":{"line":35,"column":52},"end":{"line":34,"column":48}},{"start":{"line":39,"column":52},"end":{"line":null,"column":-1}}]}},"s":{"0":0,"1":0,"2":0,"3":0,"4":0,"5":0,"6":0,"7":0,"8":0,"9":0,"10":0,"11":0,"12":0,"13":0,"14":0,"15":0},"f":{"0":0,"1":0,"2":0,"3":0},"b":{"0":[0,0],"1":[0,0]}}
,"/media/gena/SiteOn/RubyProjects/spree_kit/frontend/init/components/Seo/index.js": {"path":"/media/gena/SiteOn/RubyProjects/spree_kit/frontend/init/components/Seo/index.js","statementMap":{"0":{"start":{"line":6,"column":26},"end":{"line":6,"column":36}},"1":{"start":{"line":8,"column":8},"end":{"line":12,"column":10}}},"fnMap":{"0":{"name":"(anonymous_0)","decl":{"start":{"line":5,"column":4},"end":{"line":5,"column":5}},"loc":{"start":{"line":5,"column":14},"end":{"line":13,"column":5}},"line":5}},"branchMap":{},"s":{"0":1,"1":1},"f":{"0":1},"b":{},"_coverageSchema":"332fd63041d2c1bcb487cc26dd0d5f7d97098a6c","hash":"8f30dd07422abc3e4dc14ee6903bb288da919113"}
,"/media/gena/SiteOn/RubyProjects/spree_kit/frontend/init/components/Songs/index.js": {"path":"/media/gena/SiteOn/RubyProjects/spree_kit/frontend/init/components/Songs/index.js","statementMap":{"0":{"start":{"line":1,"column":0},"end":{"line":null,"column":-1}},"1":{"start":{"line":2,"column":0},"end":{"line":null,"column":-1}},"2":{"start":{"line":3,"column":0},"end":{"line":null,"column":-1}},"3":{"start":{"line":5,"column":0},"end":{"line":null,"column":-1}},"4":{"start":{"line":7,"column":0},"end":{"line":null,"column":-1}},"5":{"start":{"line":21,"column":29},"end":{"line":20,"column":22}},"6":{"start":{"line":24,"column":8},"end":{"line":null,"column":-1}},"7":{"start":{"line":25,"column":8},"end":{"line":null,"column":-1}},"8":{"start":{"line":13,"column":28},"end":{"line":12,"column":25}},"9":{"start":{"line":15,"column":8},"end":{"line":null,"column":-1}},"10":{"start":{"line":29,"column":32},"end":{"line":28,"column":14}},"11":{"start":{"line":28,"column":14},"end":{"line":28,"column":13}},"12":{"start":{"line":32,"column":8},"end":{"line":null,"column":-1}},"13":{"start":{"line":44,"column":31},"end":{"line":null,"column":-1}},"14":{"start":{"line":56,"column":4},"end":{"line":null,"column":-1}},"15":{"start":{"line":60,"column":4},"end":{"line":null,"column":-1}},"16":{"start":{"line":62,"column":12},"end":{"line":null,"column":-1}},"17":{"start":{"line":65,"column":12},"end":{"line":null,"column":-1}}},"fnMap":{"0":{"name":"value","decl":{"start":{"line":20,"column":16},"end":{"line":20,"column":21}},"loc":{"start":{"line":20,"column":22},"end":{"line":26,"column":5}}},"1":{"name":"(anonymous_12)","decl":{"start":{"line":44,"column":31},"end":{"line":44,"column":31}},"loc":{"start":{"line":44,"column":31},"end":{"line":44,"column":21}}},"2":{"name":"(anonymous_13)","decl":{"start":{"line":56,"column":4},"end":{"line":56,"column":4}},"loc":{"start":{"line":56,"column":4},"end":{"line":55,"column":26}}},"3":{"name":"(anonymous_14)","decl":{"start":{"line":60,"column":4},"end":{"line":60,"column":4}},"loc":{"start":{"line":60,"column":4},"end":{"line":55,"column":26}}},"4":{"name":"addTrack","decl":{"start":{"line":61,"column":18},"end":{"line":61,"column":18}},"loc":{"start":{"line":61,"column":29},"end":{"line":60,"column":19}}},"5":{"name":"getData","decl":{"start":{"line":64,"column":17},"end":{"line":64,"column":22}},"loc":{"start":{"line":64,"column":23},"end":{"line":66,"column":9}}}},"branchMap":{},"s":{"0":0,"1":0,"2":0,"3":0,"4":0,"5":0,"6":0,"7":0,"8":0,"9":0,"10":0,"11":0,"12":0,"13":0,"14":0,"15":0,"16":0,"17":0},"f":{"0":0,"1":0,"2":0,"3":0,"4":0,"5":0},"b":{}}
,"/media/gena/SiteOn/RubyProjects/spree_kit/frontend/init/components/Spiner/index.js": {"path":"/media/gena/SiteOn/RubyProjects/spree_kit/frontend/init/components/Spiner/index.js","statementMap":{"0":{"start":{"line":2,"column":0},"end":{"line":null,"column":-1}},"1":{"start":{"line":3,"column":0},"end":{"line":null,"column":-1}},"2":{"start":{"line":6,"column":0},"end":{"line":null,"column":-1}},"3":{"start":{"line":14,"column":38},"end":{"line":13,"column":14}},"4":{"start":{"line":13,"column":14},"end":{"line":13,"column":13}},"5":{"start":{"line":16,"column":8},"end":{"line":22,"column":9}},"6":{"start":{"line":17,"column":12},"end":{"line":null,"column":-1}},"7":{"start":{"line":24,"column":8},"end":{"line":null,"column":-1}},"8":{"start":{"line":28,"column":24},"end":{"line":28,"column":0}},"9":{"start":{"line":29,"column":4},"end":{"line":null,"column":-1}}},"fnMap":{"0":{"name":"mapStateToProps","decl":{"start":{"line":28,"column":6},"end":{"line":28,"column":24}},"loc":{"start":{"line":28,"column":35},"end":{"line":28,"column":0}}}},"branchMap":{"0":{"loc":{"start":{"line":16,"column":8},"end":{"line":22,"column":9}},"type":"if","locations":[{"start":{"line":16,"column":8},"end":{"line":22,"column":9}},{"start":{"line":16,"column":8},"end":{"line":22,"column":9}}]}},"s":{"0":0,"1":0,"2":0,"3":0,"4":0,"5":0,"6":0,"7":0,"8":0,"9":0},"f":{"0":0},"b":{"0":[0,0]}}
}
