TN:
SF:/media/gena/SiteOn/RubyProjects/spree_kit/frontend/init/components/Catcher/index.js
FNF:0
FNH:0
DA:2,0
DA:5,0
DA:17,0
DA:23,0
DA:24,0
DA:26,0
DA:27,0
DA:38,0
LF:8
LH:0
BRDA:26,0,0,0
BRDA:26,0,1,0
BRF:2
BRH:0
end_of_record
TN:
SF:/media/gena/SiteOn/RubyProjects/spree_kit/frontend/init/components/PlayLists/index.js
FN:18,(anonymous_10)
FN:30,(anonymous_11)
FN:33,(anonymous_12)
FNF:3
FNH:0
FNDA:0,(anonymous_10)
FNDA:0,(anonymous_11)
FNDA:0,(anonymous_12)
DA:1,0
DA:2,0
DA:3,0
DA:4,0
DA:8,0
DA:10,0
DA:18,0
DA:30,0
DA:33,0
LF:9
LH:0
BRF:0
BRH:0
end_of_record
TN:
SF:/media/gena/SiteOn/RubyProjects/spree_kit/frontend/init/components/Product/index.js
FN:48,mapStateToProps
FN:54,mapDispatchToProps
FN:56,fetchProduct
FN:56,cleanProduct
FNF:4
FNH:0
FNDA:0,mapStateToProps
FNDA:0,mapDispatchToProps
FNDA:0,fetchProduct
FNDA:0,cleanProduct
DA:1,0
DA:2,0
DA:3,0
DA:6,0
DA:7,0
DA:8,0
DA:11,0
DA:12,0
DA:16,0
DA:17,0
DA:18,0
DA:20,0
DA:22,0
DA:23,0
DA:27,0
DA:28,0
DA:30,0
DA:48,0
DA:49,0
DA:54,0
DA:55,0
DA:58,0
DA:61,0
LF:23
LH:0
BRDA:22,0,0,0
BRDA:22,0,1,0
BRDA:36,1,0,0
BRDA:36,1,1,0
BRF:4
BRH:0
end_of_record
TN:
SF:/media/gena/SiteOn/RubyProjects/spree_kit/frontend/init/components/Products/index.js
FN:29,(anonymous_11)
FN:54,mapStateToProps
FN:60,mapDispatchToProps
FN:62,fetchProducts
FNF:4
FNH:0
FNDA:0,(anonymous_11)
FNDA:0,mapStateToProps
FNDA:0,mapDispatchToProps
FNDA:0,fetchProducts
DA:1,0
DA:2,0
DA:3,0
DA:5,0
DA:6,0
DA:8,0
DA:14,0
DA:16,0
DA:20,0
DA:22,0
DA:29,0
DA:54,0
DA:55,0
DA:60,0
DA:61,0
DA:64,0
LF:16
LH:0
BRDA:29,0,0,0
BRDA:29,0,1,0
BRDA:35,1,0,0
BRDA:35,1,1,0
BRF:4
BRH:0
end_of_record
TN:
SF:/media/gena/SiteOn/RubyProjects/spree_kit/frontend/init/components/Seo/index.js
FN:5,(anonymous_0)
FNF:1
FNH:1
FNDA:1,(anonymous_0)
DA:6,1
DA:8,1
LF:2
LH:2
BRF:0
BRH:0
end_of_record
TN:
SF:/media/gena/SiteOn/RubyProjects/spree_kit/frontend/init/components/Songs/index.js
FN:20,value
FN:44,(anonymous_12)
FN:56,(anonymous_13)
FN:60,(anonymous_14)
FN:61,addTrack
FN:64,getData
FNF:6
FNH:0
FNDA:0,value
FNDA:0,(anonymous_12)
FNDA:0,(anonymous_13)
FNDA:0,(anonymous_14)
FNDA:0,addTrack
FNDA:0,getData
DA:1,0
DA:2,0
DA:3,0
DA:5,0
DA:7,0
DA:13,0
DA:15,0
DA:21,0
DA:24,0
DA:25,0
DA:28,0
DA:29,0
DA:32,0
DA:44,0
DA:56,0
DA:60,0
DA:62,0
DA:65,0
LF:18
LH:0
BRF:0
BRH:0
end_of_record
TN:
SF:/media/gena/SiteOn/RubyProjects/spree_kit/frontend/init/components/Spiner/index.js
FN:28,mapStateToProps
FNF:1
FNH:0
FNDA:0,mapStateToProps
DA:2,0
DA:3,0
DA:6,0
DA:13,0
DA:14,0
DA:16,0
DA:17,0
DA:24,0
DA:28,0
DA:29,0
LF:10
LH:0
BRDA:16,0,0,0
BRDA:16,0,1,0
BRF:2
BRH:0
end_of_record
